16:08:21.274 [main] INFO  - Honda NX200 :- ₹1.20 ---> Entry Successful
16:08:21.355 [main] ERROR - Entry Failed
16:08:21.625 [main] INFO  - Honda CB350 Cafe Racer :- ₹2.20 - ₹ 2.30 ---> Entry Successful
16:08:21.658 [main] ERROR - Entry Failed
16:08:21.962 [main] INFO  - Honda CRF300L :- ₹3.00 ---> Entry Successful
16:08:22.295 [main] INFO  - Honda Hornet :- ₹2.50 ---> Entry Successful
16:08:22.613 [main] INFO  - Honda XRE 300 :- ₹3.00 ---> Entry Successful
16:08:23.006 [main] INFO  - Honda CRF300 Rally :- ₹3.50 ---> Entry Successful
16:08:23.638 [main] INFO  - Hovered on Used-Cars Menu
16:08:27.083 [main] INFO  - Clicked on Used-Cars-Chennai Menu
16:08:27.091 [main] INFO  - Redirection to Used cars Page Not Sucessfull
16:08:27.139 [main] INFO  - **********************USED CAR PAGE*********************
16:08:27.278 [main] INFO  - Load-More got Clicked
16:08:27.575 [main] INFO  - Renault TRIBER ---> Entry Sucess
16:08:27.653 [main] INFO  - KIA SONET ---> Entry Sucess
16:08:27.746 [main] INFO  - Nissan MAGNITE ---> Entry Sucess
16:08:27.841 [main] INFO  - Maruti Baleno ---> Entry Sucess
16:08:27.954 [main] INFO  - Hyundai Grand i10 ---> Entry Sucess
16:08:28.288 [main] INFO  - user got clicked
16:08:28.461 [main] INFO  - sigin in pop displayed
16:08:32.205 [main] INFO  - clicked on the sigin in Button
16:08:32.255 [main] INFO  - ***********************Login Page***********************
16:08:32.773 [main] INFO  - Email got Entered
16:08:33.434 [main] INFO  - Clicked on Next Button
16:08:34.112 [main] INFO  - Error message capture was successful
16:08:34.154 [main] INFO  - ***********************Login Page***********************
16:08:34.629 [main] INFO  - Email got Entered
16:08:34.795 [main] INFO  - Clicked on Next Button
16:08:35.286 [main] INFO  - Error message capture was successful
16:08:35.318 [main] INFO  - ***********************Login Page***********************
16:08:35.692 [main] INFO  - Email got Entered
16:08:35.807 [main] INFO  - Clicked on Next Button
16:08:36.176 [main] INFO  - Error message capture was successful
16:08:36.206 [main] INFO  - ***********************Login Page***********************
16:08:36.640 [main] INFO  - Email got Entered
16:08:36.768 [main] INFO  - Clicked on Next Button
16:08:37.223 [main] INFO  - Error message capture was successful
16:08:37.261 [main] INFO  - ***********************Login Page***********************
16:08:37.729 [main] INFO  - Email got Entered
16:08:37.882 [main] INFO  - Clicked on Next Button
16:08:38.328 [main] INFO  - Error message capture was successful
16:08:38.362 [main] INFO  - ***********************Login Page***********************
16:08:38.767 [main] INFO  - Email got Entered
16:08:38.911 [main] INFO  - Clicked on Next Button
16:08:39.351 [main] INFO  - Error message capture was successful
16:08:39.384 [main] INFO  - ***********************Login Page***********************
16:08:39.780 [main] INFO  - Email got Entered
16:08:39.906 [main] INFO  - Clicked on Next Button
16:08:40.354 [main] INFO  - Error message capture was successful
16:08:40.395 [main] INFO  - ***********************Login Page***********************
16:08:40.964 [main] INFO  - Email got Entered
16:08:41.169 [main] INFO  - Clicked on Next Button
16:08:41.736 [main] INFO  - Error message capture was successful
16:08:41.780 [main] INFO  - ***********************Login Page***********************
16:08:42.225 [main] INFO  - Email got Entered
16:08:42.362 [main] INFO  - Clicked on Next Button
16:08:42.865 [main] INFO  - Error message capture was successful
16:17:21.930 [main] INFO  - Driver is created suceesfully
16:17:24.910 [main] INFO  - *******************HOME PAGE*********************
16:17:34.996 [main] ERROR - Push Notification is not displayed
16:17:35.713 [main] INFO  - Hovered on Bike Menu
16:17:37.383 [main] INFO  - Cilcked on Upcoming Bikes
16:17:37.399 [main] ERROR - Navigate to Next Page is Not Sucessful
16:17:37.746 [main] INFO  - ********************UPCOMING BIKES**********************
16:18:24.045 [main] INFO  - Bikes is Displayed
16:18:24.279 [main] INFO  - Honda CRF190L is displayed
16:18:24.299 [main] INFO  - Honda CBR500R is displayed
16:18:24.317 [main] INFO  - Honda Rebel 500 is displayed
16:18:24.336 [main] INFO  - Honda CBR1000R is displayed
16:18:24.355 [main] INFO  - Honda CB500F is displayed
16:18:24.373 [main] INFO  - Honda CBR150R is displayed
16:18:24.392 [main] INFO  - Honda NT1100 is displayed
16:18:24.411 [main] INFO  - Honda Rebel 300 is displayed
16:18:24.430 [main] INFO  - Honda CB350 Cafe Racer is displayed
16:18:24.453 [main] INFO  - Honda Rebel 1100 is displayed
16:18:24.473 [main] INFO  - Honda CRF300L is displayed
16:18:24.494 [main] INFO  - Honda Hornet is displayed
16:18:24.520 [main] INFO  - Honda XRE 300 is displayed
16:18:24.540 [main] INFO  - Honda NX200 is displayed
16:18:24.562 [main] INFO  - Honda CBR300R is displayed
16:18:24.582 [main] INFO  - Honda CRF300 Rally is displayed
16:18:24.607 [main] INFO  - Honda Hawk 11 is displayed
16:18:24.629 [main] INFO  - Bikes are visible
16:18:24.642 [main] INFO  - 4.00 price is set
16:18:25.317 [main] INFO  - Honda CRF190L :- ₹1.98 ---> Entry Successful
16:18:25.382 [main] ERROR - Entry Failed
16:18:25.435 [main] ERROR - Entry Failed
16:18:25.482 [main] ERROR - Entry Failed
16:18:25.525 [main] ERROR - Entry Failed
16:18:25.812 [main] INFO  - Honda CBR150R :- ₹1.70 ---> Entry Successful
16:18:26.142 [main] INFO  - Honda NT1100 :- ₹1.70 ---> Entry Successful
16:18:26.629 [main] INFO  - Honda Rebel 300 :- ₹2.30 ---> Entry Successful
16:18:27.075 [main] INFO  - Honda CB350 Cafe Racer :- ₹2.20 - ₹ 2.30 ---> Entry Successful
16:18:27.126 [main] ERROR - Entry Failed
16:18:27.475 [main] INFO  - Honda CRF300L :- ₹3.00 ---> Entry Successful
16:18:27.752 [main] INFO  - Honda Hornet :- ₹2.50 ---> Entry Successful
16:18:28.041 [main] INFO  - Honda XRE 300 :- ₹3.00 ---> Entry Successful
16:18:28.291 [main] INFO  - Honda NX200 :- ₹1.20 ---> Entry Successful
16:18:28.591 [main] INFO  - Honda CBR300R :- ₹2.00 - ₹ 2.30 ---> Entry Successful
16:18:28.924 [main] INFO  - Honda CRF300 Rally :- ₹3.50 ---> Entry Successful
16:18:28.959 [main] ERROR - Entry Failed
16:18:29.421 [main] INFO  - Hovered on Used-Cars Menu
16:18:32.957 [main] INFO  - Clicked on Used-Cars-Chennai Menu
16:18:32.965 [main] INFO  - Redirection to Used cars Page Not Sucessfull
16:18:32.999 [main] INFO  - **********************USED CAR PAGE*********************
16:18:33.149 [main] INFO  - Load-More got Clicked
16:18:33.488 [main] INFO  - Renault TRIBER ---> Entry Sucess
16:18:33.598 [main] INFO  - KIA SONET ---> Entry Sucess
16:18:33.710 [main] INFO  - Nissan MAGNITE ---> Entry Sucess
16:18:33.825 [main] INFO  - Maruti Baleno ---> Entry Sucess
16:18:33.927 [main] INFO  - Hyundai Grand i10 ---> Entry Sucess
16:18:34.321 [main] INFO  - user got clicked
16:18:34.486 [main] INFO  - sigin in pop displayed
16:18:38.207 [main] INFO  - clicked on the sigin in Button
16:18:38.272 [main] INFO  - ***********************Login Page***********************
16:18:38.741 [main] INFO  - Email got Entered
16:18:39.421 [main] INFO  - Clicked on Next Button
16:18:39.959 [main] INFO  - Error message capture was successful
16:18:39.993 [main] INFO  - ***********************Login Page***********************
16:18:40.475 [main] INFO  - Email got Entered
16:18:40.623 [main] INFO  - Clicked on Next Button
16:18:41.113 [main] INFO  - Error message capture was successful
16:18:41.152 [main] INFO  - ***********************Login Page***********************
16:18:41.591 [main] INFO  - Email got Entered
16:18:41.788 [main] INFO  - Clicked on Next Button
16:18:42.278 [main] INFO  - Error message capture was successful
16:18:42.324 [main] INFO  - ***********************Login Page***********************
16:18:42.811 [main] INFO  - Email got Entered
16:18:42.965 [main] INFO  - Clicked on Next Button
16:18:43.473 [main] INFO  - Error message capture was successful
16:18:43.523 [main] INFO  - ***********************Login Page***********************
16:18:44.086 [main] INFO  - Email got Entered
16:18:44.252 [main] INFO  - Clicked on Next Button
16:18:44.773 [main] INFO  - Error message capture was successful
16:18:44.810 [main] INFO  - ***********************Login Page***********************
16:18:45.361 [main] INFO  - Email got Entered
16:18:45.566 [main] INFO  - Clicked on Next Button
16:18:46.187 [main] INFO  - Error message capture was successful
16:18:46.278 [main] INFO  - ***********************Login Page***********************
16:18:46.900 [main] INFO  - Email got Entered
16:18:47.135 [main] INFO  - Clicked on Next Button
16:18:47.593 [main] INFO  - Error message capture was successful
16:18:47.634 [main] INFO  - ***********************Login Page***********************
16:18:48.108 [main] INFO  - Email got Entered
16:18:48.278 [main] INFO  - Clicked on Next Button
16:18:48.763 [main] INFO  - Error message capture was successful
16:18:48.805 [main] INFO  - ***********************Login Page***********************
16:18:49.281 [main] INFO  - Email got Entered
16:18:49.460 [main] INFO  - Clicked on Next Button
16:18:49.981 [main] INFO  - Error message capture was successful
16:24:14.279 [main] INFO  - Driver is created suceesfully
16:24:17.464 [main] INFO  - *******************HOME PAGE*********************
16:24:27.517 [main] ERROR - Push Notification is not displayed
16:24:28.443 [main] INFO  - Hovered on Bike Menu
16:24:30.101 [main] INFO  - Cilcked on Upcoming Bikes
16:24:30.111 [main] INFO  - Navigate to Next Page is Sucessful
16:24:30.143 [main] INFO  - ********************UPCOMING BIKES**********************
16:24:30.663 [main] INFO  - selected the choose brand
16:24:31.918 [main] INFO  - Brand is selected
16:24:44.506 [main] INFO  - Bikes is Displayed
16:24:44.730 [main] INFO  - Honda CBR300R is displayed
16:24:44.770 [main] INFO  - Honda Rebel 500 is displayed
16:24:44.798 [main] INFO  - Honda CBR1000R is displayed
16:24:44.821 [main] INFO  - Honda CB500F is displayed
16:24:44.844 [main] INFO  - Honda CBR500R is displayed
16:24:44.868 [main] INFO  - Honda CRF190L is displayed
16:24:44.890 [main] INFO  - Honda CBR150R is displayed
16:24:44.913 [main] INFO  - Honda NT1100 is displayed
16:24:44.938 [main] INFO  - Honda Rebel 300 is displayed
16:24:44.965 [main] INFO  - Honda NX200 is displayed
16:24:44.991 [main] INFO  - Honda Hawk 11 is displayed
16:24:45.015 [main] INFO  - Honda CB350 Cafe Racer is displayed
16:24:45.036 [main] INFO  - Honda Rebel 1100 is displayed
16:24:45.059 [main] INFO  - Honda CRF300L is displayed
16:24:45.085 [main] INFO  - Honda Hornet is displayed
16:24:45.109 [main] INFO  - Honda XRE 300 is displayed
16:24:45.135 [main] INFO  - Honda CRF300 Rally is displayed
16:24:45.158 [main] INFO  - Bikes are visible
16:24:45.172 [main] INFO  - 4.00 price is set
16:24:45.778 [main] INFO  - Honda CBR300R :- ₹2.00 - ₹ 2.30 ---> Entry Successful
16:24:45.829 [main] ERROR - Entry Failed
16:24:45.872 [main] ERROR - Entry Failed
16:24:45.909 [main] ERROR - Entry Failed
16:24:45.955 [main] ERROR - Entry Failed
16:24:46.274 [main] INFO  - Honda CRF190L :- ₹1.98 ---> Entry Successful
16:24:46.708 [main] INFO  - Honda CBR150R :- ₹1.70 ---> Entry Successful
16:24:47.052 [main] INFO  - Honda NT1100 :- ₹1.70 ---> Entry Successful
16:24:47.352 [main] INFO  - Honda Rebel 300 :- ₹2.30 ---> Entry Successful
16:24:47.740 [main] INFO  - Honda NX200 :- ₹1.20 ---> Entry Successful
16:24:47.790 [main] ERROR - Entry Failed
16:24:48.143 [main] INFO  - Honda CB350 Cafe Racer :- ₹2.20 - ₹ 2.30 ---> Entry Successful
16:24:48.182 [main] ERROR - Entry Failed
16:24:48.500 [main] INFO  - Honda CRF300L :- ₹3.00 ---> Entry Successful
16:24:48.789 [main] INFO  - Honda Hornet :- ₹2.50 ---> Entry Successful
16:24:49.095 [main] INFO  - Honda XRE 300 :- ₹3.00 ---> Entry Successful
16:24:49.418 [main] INFO  - Honda CRF300 Rally :- ₹3.50 ---> Entry Successful
16:24:49.954 [main] INFO  - Hovered on Used-Cars Menu
16:24:53.406 [main] INFO  - Clicked on Used-Cars-Chennai Menu
16:24:53.416 [main] INFO  - Redirection to Used cars Page Not Sucessfull
16:24:53.424 [main] INFO  - **********************USED CAR PAGE*********************
16:24:53.561 [main] INFO  - Load-More got Clicked
16:24:53.905 [main] INFO  - Renault TRIBER ---> Entry Sucess
16:24:54.036 [main] INFO  - KIA SONET ---> Entry Sucess
16:24:54.162 [main] INFO  - Nissan MAGNITE ---> Entry Sucess
16:24:54.299 [main] INFO  - Maruti Baleno ---> Entry Sucess
16:24:54.432 [main] INFO  - Hyundai Grand i10 ---> Entry Sucess
16:24:54.772 [main] INFO  - user got clicked
16:24:54.915 [main] INFO  - sigin in pop displayed
16:24:58.555 [main] INFO  - clicked on the sigin in Button
16:24:58.586 [main] INFO  - ***********************Login Page***********************
16:24:59.087 [main] INFO  - Email got Entered
16:24:59.721 [main] INFO  - Clicked on Next Button
16:25:00.290 [main] INFO  - Error message capture was successful
16:25:00.326 [main] INFO  - ***********************Login Page***********************
16:25:00.840 [main] INFO  - Email got Entered
16:25:01.015 [main] INFO  - Clicked on Next Button
16:25:01.475 [main] INFO  - Error message capture was successful
16:25:01.509 [main] INFO  - ***********************Login Page***********************
16:25:01.944 [main] INFO  - Email got Entered
16:25:02.065 [main] INFO  - Clicked on Next Button
16:25:02.566 [main] INFO  - Error message capture was successful
16:25:02.608 [main] INFO  - ***********************Login Page***********************
16:25:02.952 [main] INFO  - Email got Entered
16:25:03.064 [main] INFO  - Clicked on Next Button
16:25:03.512 [main] INFO  - Error message capture was successful
16:25:03.551 [main] INFO  - ***********************Login Page***********************
16:25:04.018 [main] INFO  - Email got Entered
16:25:04.228 [main] INFO  - Clicked on Next Button
16:25:04.671 [main] INFO  - Error message capture was successful
16:25:04.704 [main] INFO  - ***********************Login Page***********************
16:25:05.126 [main] INFO  - Email got Entered
16:25:05.275 [main] INFO  - Clicked on Next Button
16:25:05.757 [main] INFO  - Error message capture was successful
16:25:05.806 [main] INFO  - ***********************Login Page***********************
16:25:06.240 [main] INFO  - Email got Entered
16:25:06.372 [main] INFO  - Clicked on Next Button
16:25:06.810 [main] INFO  - Error message capture was successful
16:25:06.843 [main] INFO  - ***********************Login Page***********************
16:25:07.268 [main] INFO  - Email got Entered
16:25:07.410 [main] INFO  - Clicked on Next Button
16:25:07.850 [main] INFO  - Error message capture was successful
16:25:07.913 [main] INFO  - ***********************Login Page***********************
16:25:08.206 [main] INFO  - Email got Entered
16:25:08.317 [main] INFO  - Clicked on Next Button
16:25:08.770 [main] INFO  - Error message capture was successful
16:54:04.357 [main] INFO  - Driver is created suceesfully
16:54:07.431 [main] INFO  - *******************HOME PAGE*********************
16:54:17.516 [main] ERROR - Push Notification is not displayed
16:54:18.145 [main] INFO  - Hovered on Bike Menu
16:54:19.653 [main] INFO  - Cilcked on Upcoming Bikes
16:54:19.662 [main] INFO  - Navigate to Next Page is Sucessful
16:54:19.688 [main] INFO  - ********************UPCOMING BIKES**********************
16:54:20.215 [main] INFO  - selected the choose brand
16:54:21.400 [main] INFO  - Brand is selected
16:54:33.793 [main] INFO  - Bikes is Displayed
16:54:33.987 [main] INFO  - Honda CBR300R is displayed
16:54:34.010 [main] INFO  - Honda Rebel 500 is displayed
16:54:34.033 [main] INFO  - Honda CBR1000R is displayed
16:54:34.053 [main] INFO  - Honda CB500F is displayed
16:54:34.076 [main] INFO  - Honda CBR500R is displayed
16:54:34.097 [main] INFO  - Honda CRF190L is displayed
16:54:34.123 [main] INFO  - Honda CBR150R is displayed
16:54:34.145 [main] INFO  - Honda NT1100 is displayed
16:54:34.167 [main] INFO  - Honda Rebel 300 is displayed
16:54:34.189 [main] INFO  - Honda NX200 is displayed
16:54:34.213 [main] INFO  - Honda Hawk 11 is displayed
16:54:34.234 [main] INFO  - Honda CB350 Cafe Racer is displayed
16:54:34.256 [main] INFO  - Honda Rebel 1100 is displayed
16:54:34.278 [main] INFO  - Honda CRF300L is displayed
16:54:34.302 [main] INFO  - Honda Hornet is displayed
16:54:34.326 [main] INFO  - Honda XRE 300 is displayed
16:54:34.352 [main] INFO  - Honda CRF300 Rally is displayed
16:54:34.373 [main] INFO  - Bikes are visible
16:54:34.385 [main] INFO  - 4.00 price is set
16:54:34.901 [main] INFO  - Honda CBR300R :- ₹2.00 - ₹ 2.30 ---> Entry Successful
16:54:34.942 [main] ERROR - Entry Failed
16:54:34.976 [main] ERROR - Entry Failed
16:54:35.003 [main] ERROR - Entry Failed
16:54:35.028 [main] ERROR - Entry Failed
16:54:35.255 [main] INFO  - Honda CRF190L :- ₹1.98 ---> Entry Successful
16:54:35.498 [main] INFO  - Honda CBR150R :- ₹1.70 ---> Entry Successful
16:54:35.781 [main] INFO  - Honda NT1100 :- ₹1.70 ---> Entry Successful
16:54:36.040 [main] INFO  - Honda Rebel 300 :- ₹2.30 ---> Entry Successful
16:54:36.367 [main] INFO  - Honda NX200 :- ₹1.20 ---> Entry Successful
16:54:36.412 [main] ERROR - Entry Failed
16:54:36.639 [main] INFO  - Honda CB350 Cafe Racer :- ₹2.20 - ₹ 2.30 ---> Entry Successful
16:54:36.667 [main] ERROR - Entry Failed
16:54:36.925 [main] INFO  - Honda CRF300L :- ₹3.00 ---> Entry Successful
16:54:37.218 [main] INFO  - Honda Hornet :- ₹2.50 ---> Entry Successful
16:54:37.487 [main] INFO  - Honda XRE 300 :- ₹3.00 ---> Entry Successful
16:54:37.755 [main] INFO  - Honda CRF300 Rally :- ₹3.50 ---> Entry Successful
16:54:38.143 [main] INFO  - Hovered on Used-Cars Menu
16:54:41.544 [main] INFO  - Clicked on Used-Cars-Chennai Menu
16:54:41.553 [main] INFO  - Redirection to Used cars Page Not Sucessfull
16:54:41.562 [main] INFO  - **********************USED CAR PAGE*********************
16:54:51.731 [main] ERROR - Unable to click on Load-More
16:54:52.149 [main] INFO  - user got clicked
16:54:52.264 [main] INFO  - sigin in pop displayed
16:54:55.847 [main] INFO  - clicked on the sigin in Button
16:54:55.870 [main] INFO  - ***********************Login Page***********************
16:54:56.270 [main] INFO  - Email got Entered
16:54:56.840 [main] INFO  - Clicked on Next Button
16:54:57.306 [main] INFO  - Error message capture was successful
16:54:57.339 [main] INFO  - ***********************Login Page***********************
16:54:57.681 [main] INFO  - Email got Entered
16:54:57.810 [main] INFO  - Clicked on Next Button
16:54:58.324 [main] INFO  - Error message capture was successful
16:54:58.359 [main] INFO  - ***********************Login Page***********************
16:54:58.721 [main] INFO  - Email got Entered
16:54:58.830 [main] INFO  - Clicked on Next Button
16:54:59.275 [main] INFO  - Error message capture was successful
16:54:59.310 [main] INFO  - ***********************Login Page***********************
16:54:59.694 [main] INFO  - Email got Entered
16:54:59.802 [main] INFO  - Clicked on Next Button
16:55:00.206 [main] INFO  - Error message capture was successful
16:55:00.236 [main] INFO  - ***********************Login Page***********************
16:55:00.610 [main] INFO  - Email got Entered
16:55:00.730 [main] INFO  - Clicked on Next Button
16:55:01.152 [main] INFO  - Error message capture was successful
16:55:01.184 [main] INFO  - ***********************Login Page***********************
16:55:01.593 [main] INFO  - Email got Entered
16:55:01.691 [main] INFO  - Clicked on Next Button
16:55:02.075 [main] INFO  - Error message capture was successful
16:55:02.103 [main] INFO  - ***********************Login Page***********************
16:55:02.448 [main] INFO  - Email got Entered
16:55:02.565 [main] INFO  - Clicked on Next Button
16:55:03.013 [main] INFO  - Error message capture was successful
16:55:03.051 [main] INFO  - ***********************Login Page***********************
16:55:03.426 [main] INFO  - Email got Entered
16:55:03.538 [main] INFO  - Clicked on Next Button
16:55:03.979 [main] INFO  - Error message capture was successful
16:55:04.017 [main] INFO  - ***********************Login Page***********************
16:55:04.486 [main] INFO  - Email got Entered
16:55:04.645 [main] INFO  - Clicked on Next Button
16:55:05.039 [main] INFO  - Error message capture was successful
16:58:17.588 [main] INFO  - Driver is created suceesfully
16:58:20.601 [main] INFO  - *******************HOME PAGE*********************
16:58:30.676 [main] ERROR - Push Notification is not displayed
16:58:31.421 [main] INFO  - Hovered on Bike Menu
16:58:33.076 [main] INFO  - Cilcked on Upcoming Bikes
16:58:33.083 [main] INFO  - Navigate to Next Page is Sucessful
16:58:33.115 [main] INFO  - ********************UPCOMING BIKES**********************
16:58:33.613 [main] INFO  - selected the choose brand
16:58:34.880 [main] INFO  - Brand is selected
16:58:47.386 [main] INFO  - Bikes is Displayed
16:58:47.611 [main] INFO  - Honda CBR300R is displayed
16:58:47.634 [main] INFO  - Honda Rebel 500 is displayed
16:58:47.659 [main] INFO  - Honda CBR1000R is displayed
16:58:47.678 [main] INFO  - Honda CB500F is displayed
16:58:47.697 [main] INFO  - Honda CBR500R is displayed
16:58:47.715 [main] INFO  - Honda CRF190L is displayed
16:58:47.734 [main] INFO  - Honda CBR150R is displayed
16:58:47.756 [main] INFO  - Honda NT1100 is displayed
16:58:47.779 [main] INFO  - Honda Rebel 300 is displayed
16:58:47.804 [main] INFO  - Honda NX200 is displayed
16:58:47.828 [main] INFO  - Honda Hawk 11 is displayed
16:58:47.849 [main] INFO  - Honda CB350 Cafe Racer is displayed
16:58:47.868 [main] INFO  - Honda Rebel 1100 is displayed
16:58:47.890 [main] INFO  - Honda CRF300L is displayed
16:58:47.912 [main] INFO  - Honda Hornet is displayed
16:58:47.935 [main] INFO  - Honda XRE 300 is displayed
16:58:47.957 [main] INFO  - Honda CRF300 Rally is displayed
16:58:47.981 [main] INFO  - Bikes are visible
16:58:48.000 [main] INFO  - 4.00 price is set
16:58:48.614 [main] INFO  - Honda CBR300R :- ₹2.00 - ₹ 2.30 ---> Entry Successful
16:58:48.651 [main] ERROR - Entry Failed
16:58:48.681 [main] ERROR - Entry Failed
16:58:48.714 [main] ERROR - Entry Failed
16:58:48.751 [main] ERROR - Entry Failed
16:58:49.076 [main] INFO  - Honda CRF190L :- ₹1.98 ---> Entry Successful
16:58:49.413 [main] INFO  - Honda CBR150R :- ₹1.70 ---> Entry Successful
16:58:49.713 [main] INFO  - Honda NT1100 :- ₹1.70 ---> Entry Successful
16:58:50.071 [main] INFO  - Honda Rebel 300 :- ₹2.30 ---> Entry Successful
16:58:50.466 [main] INFO  - Honda NX200 :- ₹1.20 ---> Entry Successful
16:58:50.519 [main] ERROR - Entry Failed
16:58:50.779 [main] INFO  - Honda CB350 Cafe Racer :- ₹2.20 - ₹ 2.30 ---> Entry Successful
16:58:50.809 [main] ERROR - Entry Failed
16:58:51.084 [main] INFO  - Honda CRF300L :- ₹3.00 ---> Entry Successful
16:58:51.345 [main] INFO  - Honda Hornet :- ₹2.50 ---> Entry Successful
16:58:51.647 [main] INFO  - Honda XRE 300 :- ₹3.00 ---> Entry Successful
16:58:51.934 [main] INFO  - Honda CRF300 Rally :- ₹3.50 ---> Entry Successful
16:58:52.441 [main] INFO  - Hovered on Used-Cars Menu
16:58:55.934 [main] INFO  - Clicked on Used-Cars-Chennai Menu
16:58:55.942 [main] INFO  - Redirection to Used cars Page Not Sucessfull
16:58:55.953 [main] INFO  - **********************USED CAR PAGE*********************
16:59:06.174 [main] ERROR - Unable to click on Load-More
16:59:06.840 [main] INFO  - user got clicked
16:59:07.011 [main] INFO  - sigin in pop displayed
16:59:10.728 [main] INFO  - clicked on the sigin in Button
16:59:10.775 [main] INFO  - ***********************Login Page***********************
16:59:11.586 [main] INFO  - Email got Entered
16:59:12.202 [main] INFO  - Clicked on Next Button
16:59:12.801 [main] INFO  - Error message capture was successful
17:02:12.905 [main] INFO  - Driver is created suceesfully
17:02:15.863 [main] INFO  - *******************HOME PAGE*********************
17:02:25.950 [main] ERROR - Push Notification is not displayed
17:02:26.550 [main] INFO  - Hovered on Bike Menu
17:02:28.098 [main] INFO  - Cilcked on Upcoming Bikes
17:02:28.107 [main] INFO  - Navigate to Next Page is Sucessful
17:02:28.130 [main] INFO  - ********************UPCOMING BIKES**********************
17:02:28.622 [main] INFO  - selected the choose brand
17:02:29.966 [main] INFO  - Brand is selected
17:02:42.415 [main] INFO  - Bikes is Displayed
17:02:42.629 [main] INFO  - Honda CBR300R is displayed
17:02:42.647 [main] INFO  - Honda Rebel 500 is displayed
17:02:42.667 [main] INFO  - Honda CBR1000R is displayed
17:02:42.684 [main] INFO  - Honda CB500F is displayed
17:02:42.704 [main] INFO  - Honda CBR500R is displayed
17:02:42.724 [main] INFO  - Honda CRF190L is displayed
17:02:42.744 [main] INFO  - Honda CBR150R is displayed
17:02:42.762 [main] INFO  - Honda NT1100 is displayed
17:02:42.779 [main] INFO  - Honda Rebel 300 is displayed
17:02:42.801 [main] INFO  - Honda NX200 is displayed
17:02:42.823 [main] INFO  - Honda Hawk 11 is displayed
17:02:42.842 [main] INFO  - Honda CB350 Cafe Racer is displayed
17:02:42.862 [main] INFO  - Honda Rebel 1100 is displayed
17:02:42.887 [main] INFO  - Honda CRF300L is displayed
17:02:42.909 [main] INFO  - Honda Hornet is displayed
17:02:42.931 [main] INFO  - Honda XRE 300 is displayed
17:02:42.952 [main] INFO  - Honda CRF300 Rally is displayed
17:02:42.974 [main] INFO  - Bikes are visible
17:02:42.986 [main] INFO  - 4.00 price is set
17:02:43.505 [main] INFO  - Honda CBR300R :- ₹2.00 - ₹ 2.30 ---> Entry Successful
17:02:43.539 [main] ERROR - Entry Failed
17:02:43.567 [main] ERROR - Entry Failed
17:02:43.589 [main] ERROR - Entry Failed
17:02:43.610 [main] ERROR - Entry Failed
17:02:43.847 [main] INFO  - Honda CRF190L :- ₹1.98 ---> Entry Successful
17:02:44.139 [main] INFO  - Honda CBR150R :- ₹1.70 ---> Entry Successful
17:02:44.528 [main] INFO  - Honda NT1100 :- ₹1.70 ---> Entry Successful
17:02:44.829 [main] INFO  - Honda Rebel 300 :- ₹2.30 ---> Entry Successful
17:02:45.195 [main] INFO  - Honda NX200 :- ₹1.20 ---> Entry Successful
17:02:45.246 [main] ERROR - Entry Failed
17:02:45.503 [main] INFO  - Honda CB350 Cafe Racer :- ₹2.20 - ₹ 2.30 ---> Entry Successful
17:02:45.534 [main] ERROR - Entry Failed
17:02:45.813 [main] INFO  - Honda CRF300L :- ₹3.00 ---> Entry Successful
17:02:46.084 [main] INFO  - Honda Hornet :- ₹2.50 ---> Entry Successful
17:02:46.300 [main] INFO  - Honda XRE 300 :- ₹3.00 ---> Entry Successful
17:02:46.569 [main] INFO  - Honda CRF300 Rally :- ₹3.50 ---> Entry Successful
17:02:47.095 [main] INFO  - Hovered on Used-Cars Menu
17:02:50.526 [main] INFO  - Clicked on Used-Cars-Chennai Menu
17:02:50.545 [main] INFO  - Redirection to Used cars Page Not Sucessfull
17:02:50.559 [main] INFO  - **********************USED CAR PAGE*********************
17:02:50.753 [main] INFO  - Load-More got Clicked
17:02:51.100 [main] INFO  - Renault TRIBER ---> Entry Sucess
17:02:51.222 [main] INFO  - KIA SONET ---> Entry Sucess
17:02:51.329 [main] INFO  - Nissan MAGNITE ---> Entry Sucess
17:02:51.450 [main] INFO  - Hyundai Grand i10 ---> Entry Sucess
17:02:51.559 [main] INFO  - Maruti Alto 800 ---> Entry Sucess
17:02:51.860 [main] INFO  - user got clicked
17:02:51.940 [main] INFO  - sigin in pop displayed
17:02:55.480 [main] INFO  - clicked on the sigin in Button
17:02:55.513 [main] INFO  - ***********************Login Page***********************
17:02:55.968 [main] INFO  - Email got Entered
17:02:56.616 [main] INFO  - Clicked on Next Button
17:02:57.093 [main] INFO  - Error message capture was successful
17:02:57.132 [main] INFO  - ***********************Login Page***********************
17:02:57.490 [main] INFO  - Email got Entered
17:02:57.630 [main] INFO  - Clicked on Next Button
17:02:57.971 [main] INFO  - Error message capture was successful
17:02:58.031 [main] INFO  - ***********************Login Page***********************
17:02:58.385 [main] INFO  - Email got Entered
17:02:58.499 [main] INFO  - Clicked on Next Button
17:02:58.958 [main] INFO  - Error message capture was successful
17:02:58.989 [main] INFO  - ***********************Login Page***********************
17:02:59.306 [main] INFO  - Email got Entered
17:02:59.407 [main] INFO  - Clicked on Next Button
17:02:59.927 [main] INFO  - Error message capture was successful
17:02:59.969 [main] INFO  - ***********************Login Page***********************
17:03:00.371 [main] INFO  - Email got Entered
17:03:00.501 [main] INFO  - Clicked on Next Button
17:03:00.956 [main] INFO  - Error message capture was successful
17:03:00.988 [main] INFO  - ***********************Login Page***********************
17:03:01.339 [main] INFO  - Email got Entered
17:03:01.457 [main] INFO  - Clicked on Next Button
17:03:01.956 [main] INFO  - Error message capture was successful
17:03:02.000 [main] INFO  - ***********************Login Page***********************
17:03:02.390 [main] INFO  - Email got Entered
17:03:02.515 [main] INFO  - Clicked on Next Button
17:03:03.010 [main] INFO  - Error message capture was successful
17:03:03.059 [main] INFO  - ***********************Login Page***********************
17:03:03.488 [main] INFO  - Email got Entered
17:03:03.641 [main] INFO  - Clicked on Next Button
17:03:04.139 [main] INFO  - Error message capture was successful
17:03:04.192 [main] INFO  - ***********************Login Page***********************
17:03:04.639 [main] INFO  - Email got Entered
17:03:04.747 [main] INFO  - Clicked on Next Button
17:03:05.164 [main] INFO  - Error message capture was successful
17:51:56.886 [main] INFO  - Driver is created suceesfully
17:52:00.433 [main] INFO  - *******************HOME PAGE*********************
17:52:10.510 [main] ERROR - Push Notification is not displayed
17:52:11.192 [main] INFO  - Hovered on Bike Menu
17:52:12.774 [main] INFO  - Cilcked on Upcoming Bikes
17:52:12.785 [main] INFO  - Navigate to Next Page is Sucessful
17:52:12.822 [main] INFO  - ********************UPCOMING BIKES**********************
17:52:13.532 [main] INFO  - selected the choose brand
17:52:14.906 [main] INFO  - Brand is selected
17:52:27.293 [main] INFO  - Bikes is Displayed
17:52:27.502 [main] INFO  - Honda CBR300R is displayed
17:52:27.522 [main] INFO  - Honda Rebel 500 is displayed
17:52:27.541 [main] INFO  - Honda CBR1000R is displayed
17:52:27.560 [main] INFO  - Honda CB500F is displayed
17:52:27.577 [main] INFO  - Honda CBR500R is displayed
17:52:27.594 [main] INFO  - Honda CRF190L is displayed
17:52:27.615 [main] INFO  - Honda CBR150R is displayed
17:52:27.636 [main] INFO  - Honda NT1100 is displayed
17:52:27.654 [main] INFO  - Honda Rebel 300 is displayed
17:52:27.675 [main] INFO  - Honda NX200 is displayed
17:52:27.696 [main] INFO  - Honda Hawk 11 is displayed
17:52:27.715 [main] INFO  - Honda CB350 Cafe Racer is displayed
17:52:27.740 [main] INFO  - Honda Rebel 1100 is displayed
17:52:27.762 [main] INFO  - Honda CRF300L is displayed
17:52:27.782 [main] INFO  - Honda Hornet is displayed
17:52:27.802 [main] INFO  - Honda XRE 300 is displayed
17:52:27.820 [main] INFO  - Honda CRF300 Rally is displayed
17:52:27.837 [main] INFO  - Bikes are visible
17:52:27.848 [main] INFO  - 4.00 price is set
17:52:28.258 [main] INFO  - Honda CBR300R :- ₹2.00 - ₹ 2.30 ---> Entry Successful
17:52:28.292 [main] ERROR - Entry Failed
17:52:28.318 [main] ERROR - Entry Failed
17:52:28.359 [main] ERROR - Entry Failed
17:52:28.387 [main] ERROR - Entry Failed
17:52:28.596 [main] INFO  - Honda CRF190L :- ₹1.98 ---> Entry Successful
17:52:28.805 [main] INFO  - Honda CBR150R :- ₹1.70 ---> Entry Successful
17:52:28.987 [main] INFO  - Honda NT1100 :- ₹1.70 ---> Entry Successful
17:52:29.236 [main] INFO  - Honda Rebel 300 :- ₹2.30 ---> Entry Successful
17:52:29.447 [main] INFO  - Honda NX200 :- ₹1.20 ---> Entry Successful
17:52:29.471 [main] ERROR - Entry Failed
17:52:29.646 [main] INFO  - Honda CB350 Cafe Racer :- ₹2.20 - ₹ 2.30 ---> Entry Successful
17:52:29.668 [main] ERROR - Entry Failed
17:52:29.842 [main] INFO  - Honda CRF300L :- ₹3.00 ---> Entry Successful
17:52:30.026 [main] INFO  - Honda Hornet :- ₹2.50 ---> Entry Successful
17:52:30.230 [main] INFO  - Honda XRE 300 :- ₹3.00 ---> Entry Successful
17:52:30.425 [main] INFO  - Honda CRF300 Rally :- ₹3.50 ---> Entry Successful
17:52:30.834 [main] INFO  - Hovered on Used-Cars Menu
17:52:34.248 [main] INFO  - Clicked on Used-Cars-Chennai Menu
17:52:34.259 [main] INFO  - Redirection to Used cars Page Not Sucessfull
17:52:34.267 [main] INFO  - **********************USED CAR PAGE*********************
17:52:34.443 [main] INFO  - Load-More got Clicked
17:52:34.716 [main] INFO  - Tata NEXON ---> Entry Sucess
17:52:34.796 [main] INFO  - Renault TRIBER ---> Entry Sucess
17:52:34.870 [main] INFO  - KIA SONET ---> Entry Sucess
17:52:34.943 [main] INFO  - Nissan MAGNITE ---> Entry Sucess
17:52:35.017 [main] INFO  - Hyundai Grand i10 ---> Entry Sucess
17:52:35.311 [main] INFO  - user got clicked
17:52:35.434 [main] INFO  - sigin in pop displayed
17:52:38.885 [main] INFO  - clicked on the sigin in Button
17:52:38.905 [main] INFO  - ***********************Login Page***********************
17:52:39.282 [main] INFO  - Email got Entered
17:52:39.624 [main] INFO  - Clicked on Next Button
17:52:40.205 [main] INFO  - Error message capture was successful
17:52:40.263 [main] INFO  - ***********************Login Page***********************
17:52:40.799 [main] INFO  - Email got Entered
17:52:40.958 [main] INFO  - Clicked on Next Button
17:52:41.402 [main] INFO  - Error message capture was successful
17:52:41.439 [main] INFO  - ***********************Login Page***********************
17:52:41.924 [main] INFO  - Email got Entered
17:52:42.053 [main] INFO  - Clicked on Next Button
17:52:42.485 [main] INFO  - Error message capture was successful
17:52:42.531 [main] INFO  - ***********************Login Page***********************
17:52:42.950 [main] INFO  - Email got Entered
17:52:43.052 [main] INFO  - Clicked on Next Button
17:52:43.509 [main] INFO  - Error message capture was successful
17:52:43.552 [main] INFO  - ***********************Login Page***********************
17:52:43.897 [main] INFO  - Email got Entered
17:52:43.998 [main] INFO  - Clicked on Next Button
17:52:44.477 [main] INFO  - Error message capture was successful
17:52:44.508 [main] INFO  - ***********************Login Page***********************
17:52:44.840 [main] INFO  - Email got Entered
17:52:44.944 [main] INFO  - Clicked on Next Button
17:52:45.393 [main] INFO  - Error message capture was successful
17:52:45.425 [main] INFO  - ***********************Login Page***********************
17:52:45.769 [main] INFO  - Email got Entered
17:52:45.895 [main] INFO  - Clicked on Next Button
17:52:46.336 [main] INFO  - Error message capture was successful
17:52:46.378 [main] INFO  - ***********************Login Page***********************
17:52:46.722 [main] INFO  - Email got Entered
17:52:46.829 [main] INFO  - Clicked on Next Button
17:52:47.332 [main] INFO  - Error message capture was successful
17:52:47.376 [main] INFO  - ***********************Login Page***********************
17:52:47.712 [main] INFO  - Email got Entered
17:52:47.826 [main] INFO  - Clicked on Next Button
17:52:48.188 [main] INFO  - Error message capture was successful
18:39:52.828 [main] INFO  - Driver is created suceesfully
18:39:55.164 [main] INFO  - *******************HOME PAGE*********************
18:40:05.236 [main] ERROR - Push Notification is not displayed
18:40:05.842 [main] INFO  - Hovered on Bike Menu
18:40:07.320 [main] INFO  - Cilcked on Upcoming Bikes
18:40:07.331 [main] INFO  - Navigate to Next Page is Sucessful
18:40:07.353 [main] INFO  - ********************UPCOMING BIKES**********************
18:40:07.732 [main] INFO  - selected the choose brand
18:40:08.908 [main] INFO  - Brand is selected
18:40:21.300 [main] INFO  - Bikes is Displayed
18:40:21.474 [main] INFO  - Honda CBR300R is displayed
18:40:21.492 [main] INFO  - Honda Rebel 500 is displayed
18:40:21.519 [main] INFO  - Honda CBR1000R is displayed
18:40:21.540 [main] INFO  - Honda CB500F is displayed
18:40:21.559 [main] INFO  - Honda CBR500R is displayed
18:40:21.578 [main] INFO  - Honda CRF190L is displayed
18:40:21.616 [main] INFO  - Honda CBR150R is displayed
18:40:21.638 [main] INFO  - Honda NT1100 is displayed
18:40:21.660 [main] INFO  - Honda Rebel 300 is displayed
18:40:21.685 [main] INFO  - Honda NX200 is displayed
18:40:21.710 [main] INFO  - Honda Hawk 11 is displayed
18:40:21.731 [main] INFO  - Honda CB350 Cafe Racer is displayed
18:40:21.751 [main] INFO  - Honda Rebel 1100 is displayed
18:40:21.773 [main] INFO  - Honda CRF300L is displayed
18:40:21.793 [main] INFO  - Honda Hornet is displayed
18:40:21.813 [main] INFO  - Honda XRE 300 is displayed
18:40:21.834 [main] INFO  - Honda CRF300 Rally is displayed
18:40:21.852 [main] INFO  - Bikes are visible
18:40:21.865 [main] INFO  - 4.00 price is set
18:40:22.337 [main] INFO  - Honda CBR300R :- ₹2.00 - ₹ 2.30 ---> Entry Successful
18:40:22.369 [main] ERROR - Entry Failed
18:40:22.404 [main] ERROR - Entry Failed
18:40:22.437 [main] ERROR - Entry Failed
18:40:22.466 [main] ERROR - Entry Failed
18:40:22.694 [main] INFO  - Honda CRF190L :- ₹1.98 ---> Entry Successful
18:40:22.941 [main] INFO  - Honda CBR150R :- ₹1.70 ---> Entry Successful
18:40:23.201 [main] INFO  - Honda NT1100 :- ₹1.70 ---> Entry Successful
18:40:23.500 [main] INFO  - Honda Rebel 300 :- ₹2.30 ---> Entry Successful
18:40:23.780 [main] INFO  - Honda NX200 :- ₹1.20 ---> Entry Successful
18:40:23.828 [main] ERROR - Entry Failed
18:40:24.086 [main] INFO  - Honda CB350 Cafe Racer :- ₹2.20 - ₹ 2.30 ---> Entry Successful
18:40:24.117 [main] ERROR - Entry Failed
18:40:24.411 [main] INFO  - Honda CRF300L :- ₹3.00 ---> Entry Successful
18:40:24.695 [main] INFO  - Honda Hornet :- ₹2.50 ---> Entry Successful
18:40:24.906 [main] INFO  - Honda XRE 300 :- ₹3.00 ---> Entry Successful
18:40:25.163 [main] INFO  - Honda CRF300 Rally :- ₹3.50 ---> Entry Successful
18:40:25.681 [main] INFO  - Hovered on Used-Cars Menu
18:40:29.048 [main] INFO  - Clicked on Used-Cars-Chennai Menu
18:40:29.055 [main] INFO  - Redirection to Used cars Page Not Sucessfull
18:40:29.061 [main] INFO  - **********************USED CAR PAGE*********************
18:40:29.211 [main] INFO  - Load-More got Clicked
18:40:29.529 [main] INFO  - Maruti Alto K10 ---> Entry Sucess
18:40:29.659 [main] INFO  - Tata NEXON ---> Entry Sucess
18:40:29.795 [main] INFO  - Renault TRIBER ---> Entry Sucess
18:40:29.904 [main] INFO  - KIA SONET ---> Entry Sucess
18:40:30.012 [main] INFO  - Nissan MAGNITE ---> Entry Sucess
18:40:30.333 [main] INFO  - user got clicked
18:40:30.460 [main] INFO  - sigin in pop displayed
18:40:34.068 [main] INFO  - clicked on the sigin in Button
18:40:34.081 [main] INFO  - ***********************Login Page***********************
18:40:34.433 [main] INFO  - Email got Entered
18:40:34.991 [main] INFO  - Clicked on Next Button
18:40:35.537 [main] INFO  - Error message capture was successful
18:40:35.575 [main] INFO  - ***********************Login Page***********************
18:40:36.154 [main] INFO  - Email got Entered
18:40:36.356 [main] INFO  - Clicked on Next Button
18:40:36.697 [main] INFO  - Error message capture was successful
18:40:36.725 [main] INFO  - ***********************Login Page***********************
18:40:37.021 [main] INFO  - Email got Entered
18:40:37.105 [main] INFO  - Clicked on Next Button
18:40:37.510 [main] INFO  - Error message capture was successful
18:40:37.538 [main] INFO  - ***********************Login Page***********************
18:40:37.797 [main] INFO  - Email got Entered
18:40:37.884 [main] INFO  - Clicked on Next Button
18:40:38.261 [main] INFO  - Error message capture was successful
18:40:38.290 [main] INFO  - ***********************Login Page***********************
18:40:38.607 [main] INFO  - Email got Entered
18:40:38.704 [main] INFO  - Clicked on Next Button
18:40:39.059 [main] INFO  - Error message capture was successful
18:40:39.094 [main] INFO  - ***********************Login Page***********************
18:40:39.354 [main] INFO  - Email got Entered
18:40:39.440 [main] INFO  - Clicked on Next Button
18:40:39.864 [main] INFO  - Error message capture was successful
18:40:39.898 [main] INFO  - ***********************Login Page***********************
18:40:40.132 [main] INFO  - Email got Entered
18:40:40.225 [main] INFO  - Clicked on Next Button
18:40:40.583 [main] INFO  - Error message capture was successful
18:40:40.616 [main] INFO  - ***********************Login Page***********************
18:40:40.913 [main] INFO  - Email got Entered
18:40:41.007 [main] INFO  - Clicked on Next Button
18:40:41.426 [main] INFO  - Error message capture was successful
18:40:41.456 [main] INFO  - ***********************Login Page***********************
18:40:41.701 [main] INFO  - Email got Entered
18:40:41.786 [main] INFO  - Clicked on Next Button
18:40:42.121 [main] INFO  - Error message capture was successful
19:30:14.914 [main] INFO  - Driver is created suceesfully
19:30:17.943 [main] INFO  - *******************HOME PAGE*********************
19:30:28.023 [main] ERROR - Push Notification is not displayed
19:30:29.011 [main] INFO  - Hovered on Bike Menu
19:30:31.378 [main] INFO  - Cilcked on Upcoming Bikes
19:30:31.393 [main] INFO  - Navigate to Next Page is Sucessful
19:30:31.459 [main] INFO  - ********************UPCOMING BIKES**********************
19:30:32.375 [main] INFO  - selected the choose brand
19:30:33.890 [main] INFO  - Brand is selected
19:30:46.371 [main] INFO  - Bikes is Displayed
19:30:46.741 [main] INFO  - Honda CBR300R is displayed
19:30:46.777 [main] INFO  - Honda Rebel 500 is displayed
19:30:46.818 [main] INFO  - Honda CBR1000R is displayed
19:30:46.857 [main] INFO  - Honda CB500F is displayed
19:30:46.893 [main] INFO  - Honda CBR500R is displayed
19:30:46.922 [main] INFO  - Honda CRF190L is displayed
19:30:46.950 [main] INFO  - Honda CBR150R is displayed
19:30:46.975 [main] INFO  - Honda NT1100 is displayed
19:30:47.004 [main] INFO  - Honda Rebel 300 is displayed
19:30:47.037 [main] INFO  - Honda NX200 is displayed
19:30:47.070 [main] INFO  - Honda Hawk 11 is displayed
19:30:47.103 [main] INFO  - Honda CB350 Cafe Racer is displayed
19:30:47.132 [main] INFO  - Honda Rebel 1100 is displayed
19:30:47.161 [main] INFO  - Honda CRF300L is displayed
19:30:47.193 [main] INFO  - Honda Hornet is displayed
19:30:47.223 [main] INFO  - Honda XRE 300 is displayed
19:30:47.258 [main] INFO  - Honda CRF300 Rally is displayed
19:30:47.288 [main] INFO  - Bikes are visible
19:30:47.309 [main] INFO  - 4.00 price is set
19:30:47.970 [main] INFO  - Honda CBR300R :- ₹2.00 - ₹ 2.30 ---> Entry Successful
19:30:48.016 [main] ERROR - Entry Failed
19:30:48.063 [main] ERROR - Entry Failed
19:30:48.100 [main] ERROR - Entry Failed
19:30:48.137 [main] ERROR - Entry Failed
19:30:48.532 [main] INFO  - Honda CRF190L :- ₹1.98 ---> Entry Successful
19:30:48.947 [main] INFO  - Honda CBR150R :- ₹1.70 ---> Entry Successful
19:30:49.494 [main] INFO  - Honda NT1100 :- ₹1.70 ---> Entry Successful
19:30:49.895 [main] INFO  - Honda Rebel 300 :- ₹2.30 ---> Entry Successful
19:30:50.416 [main] INFO  - Honda NX200 :- ₹1.20 ---> Entry Successful
19:30:50.471 [main] ERROR - Entry Failed
19:30:50.940 [main] INFO  - Honda CB350 Cafe Racer :- ₹2.20 - ₹ 2.30 ---> Entry Successful
19:30:50.995 [main] ERROR - Entry Failed
19:30:51.600 [main] INFO  - Honda CRF300L :- ₹3.00 ---> Entry Successful
19:30:51.933 [main] INFO  - Honda Hornet :- ₹2.50 ---> Entry Successful
19:30:52.294 [main] INFO  - Honda XRE 300 :- ₹3.00 ---> Entry Successful
19:30:52.590 [main] INFO  - Honda CRF300 Rally :- ₹3.50 ---> Entry Successful
19:30:53.423 [main] INFO  - Hovered on Used-Cars Menu
19:31:04.510 [main] INFO  - **********************USED CAR PAGE*********************
19:31:05.600 [main] INFO  - user got clicked
19:31:05.858 [main] INFO  - sigin in pop displayed
19:31:10.039 [main] INFO  - clicked on the sigin in Button
19:31:10.088 [main] INFO  - ***********************Login Page***********************
19:31:10.450 [main] INFO  - Email got Entered
19:31:11.015 [main] INFO  - Clicked on Next Button
19:31:11.697 [main] INFO  - Error message capture was successful
19:31:11.739 [main] INFO  - ***********************Login Page***********************
19:31:12.435 [main] INFO  - Email got Entered
19:31:12.642 [main] INFO  - Clicked on Next Button
19:31:13.123 [main] INFO  - Error message capture was successful
19:31:13.176 [main] INFO  - ***********************Login Page***********************
19:31:13.728 [main] INFO  - Email got Entered
19:31:13.939 [main] INFO  - Clicked on Next Button
19:31:14.548 [main] INFO  - Error message capture was successful
19:31:14.601 [main] INFO  - ***********************Login Page***********************
19:31:15.152 [main] INFO  - Email got Entered
19:31:15.333 [main] INFO  - Clicked on Next Button
19:31:15.834 [main] INFO  - Error message capture was successful
19:31:15.882 [main] INFO  - ***********************Login Page***********************
19:31:16.467 [main] INFO  - Email got Entered
19:31:16.643 [main] INFO  - Clicked on Next Button
19:31:17.201 [main] INFO  - Error message capture was successful
19:31:17.262 [main] INFO  - ***********************Login Page***********************
19:31:17.791 [main] INFO  - Email got Entered
19:31:18.007 [main] INFO  - Clicked on Next Button
19:31:18.592 [main] INFO  - Error message capture was successful
19:31:18.638 [main] INFO  - ***********************Login Page***********************
19:31:19.194 [main] INFO  - Email got Entered
19:31:19.400 [main] INFO  - Clicked on Next Button
19:31:19.957 [main] INFO  - Error message capture was successful
19:31:20.030 [main] INFO  - ***********************Login Page***********************
19:31:20.546 [main] INFO  - Email got Entered
19:31:20.683 [main] INFO  - Clicked on Next Button
19:31:21.178 [main] INFO  - Error message capture was successful
19:31:21.214 [main] INFO  - ***********************Login Page***********************
19:31:21.724 [main] INFO  - Email got Entered
19:31:21.968 [main] INFO  - Clicked on Next Button
19:31:22.560 [main] INFO  - Error message capture was successful
21:11:06.865 [main] INFO  - Driver is created suceesfully
21:11:10.399 [main] INFO  - *******************HOME PAGE*********************
21:11:20.530 [main] ERROR - Push Notification is not displayed
21:11:21.091 [main] INFO  - Hovered on Bike Menu
21:11:22.559 [main] INFO  - Cilcked on Upcoming Bikes
21:11:22.579 [main] INFO  - Navigate to Next Page is Sucessful
21:11:22.634 [main] INFO  - ********************UPCOMING BIKES**********************
21:11:23.069 [main] INFO  - selected the choose brand
21:11:24.421 [main] INFO  - Brand is selected
21:11:36.863 [main] INFO  - Bikes is Displayed
21:11:37.371 [main] INFO  - Honda CBR300R is displayed
21:11:37.415 [main] INFO  - Honda Rebel 500 is displayed
21:11:37.455 [main] INFO  - Honda CBR1000R is displayed
21:11:37.494 [main] INFO  - Honda CB500F is displayed
21:11:37.542 [main] INFO  - Honda CBR500R is displayed
21:11:37.587 [main] INFO  - Honda CRF190L is displayed
21:11:37.633 [main] INFO  - Honda CBR150R is displayed
21:11:37.670 [main] INFO  - Honda NT1100 is displayed
21:11:37.710 [main] INFO  - Honda Rebel 300 is displayed
21:11:37.750 [main] INFO  - Honda NX200 is displayed
21:11:37.793 [main] INFO  - Honda Hawk 11 is displayed
21:11:37.829 [main] INFO  - Honda CB350 Cafe Racer is displayed
21:11:37.868 [main] INFO  - Honda Rebel 1100 is displayed
21:11:37.910 [main] INFO  - Honda CRF300L is displayed
21:11:37.969 [main] INFO  - Honda Hornet is displayed
21:11:38.003 [main] INFO  - Honda XRE 300 is displayed
21:11:38.043 [main] INFO  - Honda CRF300 Rally is displayed
21:11:38.071 [main] INFO  - Bikes are visible
21:11:38.089 [main] INFO  - 4.00 price is set
21:11:39.002 [main] INFO  - Honda CBR300R :- ?2.00 - ? 2.30 ---> Entry Successful
21:11:39.033 [main] ERROR - Entry Failed
21:11:39.066 [main] ERROR - Entry Failed
21:11:39.108 [main] ERROR - Entry Failed
21:11:39.153 [main] ERROR - Entry Failed
21:11:39.513 [main] INFO  - Honda CRF190L :- ?1.98 ---> Entry Successful
21:11:39.872 [main] INFO  - Honda CBR150R :- ?1.70 ---> Entry Successful
21:11:40.188 [main] INFO  - Honda NT1100 :- ?1.70 ---> Entry Successful
21:11:40.507 [main] INFO  - Honda Rebel 300 :- ?2.30 ---> Entry Successful
21:11:40.776 [main] INFO  - Honda NX200 :- ?1.20 ---> Entry Successful
21:11:40.811 [main] ERROR - Entry Failed
21:11:41.050 [main] INFO  - Honda CB350 Cafe Racer :- ?2.20 - ? 2.30 ---> Entry Successful
21:11:41.081 [main] ERROR - Entry Failed
21:11:41.350 [main] INFO  - Honda CRF300L :- ?3.00 ---> Entry Successful
21:11:41.630 [main] INFO  - Honda Hornet :- ?2.50 ---> Entry Successful
21:11:41.896 [main] INFO  - Honda XRE 300 :- ?3.00 ---> Entry Successful
21:11:42.150 [main] INFO  - Honda CRF300 Rally :- ?3.50 ---> Entry Successful
21:11:42.589 [main] INFO  - Hovered on Used-Cars Menu
21:11:45.937 [main] INFO  - Clicked on Used-Cars-Chennai Menu
